{"/home/silanov/frontend-project-lvl2/src/calculate.js": {"path":"/home/silanov/frontend-project-lvl2/src/calculate.js","all":false,"statementMap":{"0":{"start":{"line":1,"column":0},"end":{"line":1,"column":23}},"1":{"start":{"line":2,"column":0},"end":{"line":2,"column":0}},"2":{"start":{"line":3,"column":0},"end":{"line":3,"column":41}},"3":{"start":{"line":4,"column":0},"end":{"line":4,"column":68}},"4":{"start":{"line":5,"column":0},"end":{"line":5,"column":50}},"5":{"start":{"line":6,"column":0},"end":{"line":6,"column":30}},"6":{"start":{"line":7,"column":0},"end":{"line":7,"column":64}},"7":{"start":{"line":8,"column":0},"end":{"line":8,"column":5}},"8":{"start":{"line":9,"column":0},"end":{"line":9,"column":30}},"9":{"start":{"line":10,"column":0},"end":{"line":10,"column":62}},"10":{"start":{"line":11,"column":0},"end":{"line":11,"column":5}},"11":{"start":{"line":12,"column":0},"end":{"line":12,"column":61}},"12":{"start":{"line":13,"column":0},"end":{"line":13,"column":94}},"13":{"start":{"line":14,"column":0},"end":{"line":14,"column":5}},"14":{"start":{"line":15,"column":0},"end":{"line":15,"column":38}},"15":{"start":{"line":16,"column":0},"end":{"line":16,"column":14}},"16":{"start":{"line":17,"column":0},"end":{"line":17,"column":18}},"17":{"start":{"line":18,"column":0},"end":{"line":18,"column":32}},"18":{"start":{"line":19,"column":0},"end":{"line":19,"column":33}},"19":{"start":{"line":20,"column":0},"end":{"line":20,"column":24}},"20":{"start":{"line":21,"column":0},"end":{"line":21,"column":8}},"21":{"start":{"line":22,"column":0},"end":{"line":22,"column":5}},"22":{"start":{"line":23,"column":0},"end":{"line":23,"column":64}},"23":{"start":{"line":24,"column":0},"end":{"line":24,"column":5}},"24":{"start":{"line":25,"column":0},"end":{"line":25,"column":14}},"25":{"start":{"line":26,"column":0},"end":{"line":26,"column":2}},"26":{"start":{"line":27,"column":0},"end":{"line":27,"column":0}},"27":{"start":{"line":28,"column":0},"end":{"line":28,"column":29}}},"s":{"0":1,"1":1,"2":1,"3":30,"4":30,"5":108,"6":12,"7":12,"8":108,"9":30,"10":30,"11":108,"12":24,"13":24,"14":108,"15":24,"16":24,"17":24,"18":24,"19":24,"20":24,"21":24,"22":18,"23":18,"24":30,"25":30,"26":1,"27":1},"branchMap":{"0":{"type":"branch","line":3,"loc":{"start":{"line":3,"column":22},"end":{"line":26,"column":2}},"locations":[{"start":{"line":3,"column":22},"end":{"line":26,"column":2}}]},"1":{"type":"branch","line":5,"loc":{"start":{"line":5,"column":40},"end":{"line":24,"column":5}},"locations":[{"start":{"line":5,"column":40},"end":{"line":24,"column":5}}]},"2":{"type":"branch","line":6,"loc":{"start":{"line":6,"column":29},"end":{"line":8,"column":5}},"locations":[{"start":{"line":6,"column":29},"end":{"line":8,"column":5}}]},"3":{"type":"branch","line":9,"loc":{"start":{"line":9,"column":-1},"end":{"line":9,"column":8}},"locations":[{"start":{"line":9,"column":-1},"end":{"line":9,"column":8}}]},"4":{"type":"branch","line":9,"loc":{"start":{"line":9,"column":29},"end":{"line":11,"column":5}},"locations":[{"start":{"line":9,"column":29},"end":{"line":11,"column":5}}]},"5":{"type":"branch","line":12,"loc":{"start":{"line":12,"column":-1},"end":{"line":12,"column":9}},"locations":[{"start":{"line":12,"column":-1},"end":{"line":12,"column":9}}]},"6":{"type":"branch","line":12,"loc":{"start":{"line":12,"column":8},"end":{"line":12,"column":36}},"locations":[{"start":{"line":12,"column":8},"end":{"line":12,"column":36}}]},"7":{"type":"branch","line":12,"loc":{"start":{"line":12,"column":60},"end":{"line":14,"column":5}},"locations":[{"start":{"line":12,"column":60},"end":{"line":14,"column":5}}]},"8":{"type":"branch","line":15,"loc":{"start":{"line":15,"column":-1},"end":{"line":15,"column":8}},"locations":[{"start":{"line":15,"column":-1},"end":{"line":15,"column":8}}]},"9":{"type":"branch","line":15,"loc":{"start":{"line":15,"column":37},"end":{"line":22,"column":5}},"locations":[{"start":{"line":15,"column":37},"end":{"line":22,"column":5}}]},"10":{"type":"branch","line":23,"loc":{"start":{"line":23,"column":-1},"end":{"line":24,"column":5}},"locations":[{"start":{"line":23,"column":-1},"end":{"line":24,"column":5}}]}},"b":{"0":[30],"1":[108],"2":[12],"3":[96],"4":[30],"5":[66],"6":[30],"7":[24],"8":[42],"9":[24],"10":[18]},"fnMap":{"0":{"name":"calculateDiff","decl":{"start":{"line":3,"column":22},"end":{"line":26,"column":2}},"loc":{"start":{"line":3,"column":22},"end":{"line":26,"column":2}},"line":3}},"f":{"0":30}}
,"/home/silanov/frontend-project-lvl2/src/index.js": {"path":"/home/silanov/frontend-project-lvl2/src/index.js","all":false,"statementMap":{"0":{"start":{"line":1,"column":0},"end":{"line":1,"column":39}},"1":{"start":{"line":2,"column":0},"end":{"line":2,"column":24}},"2":{"start":{"line":3,"column":0},"end":{"line":3,"column":36}},"3":{"start":{"line":4,"column":0},"end":{"line":4,"column":43}},"4":{"start":{"line":5,"column":0},"end":{"line":5,"column":48}},"5":{"start":{"line":6,"column":0},"end":{"line":6,"column":0}},"6":{"start":{"line":7,"column":0},"end":{"line":7,"column":35}},"7":{"start":{"line":8,"column":0},"end":{"line":8,"column":71}},"8":{"start":{"line":9,"column":0},"end":{"line":9,"column":46}},"9":{"start":{"line":10,"column":0},"end":{"line":10,"column":33}},"10":{"start":{"line":11,"column":0},"end":{"line":11,"column":2}},"11":{"start":{"line":12,"column":0},"end":{"line":12,"column":0}},"12":{"start":{"line":13,"column":0},"end":{"line":13,"column":55}},"13":{"start":{"line":14,"column":0},"end":{"line":14,"column":35}},"14":{"start":{"line":15,"column":0},"end":{"line":15,"column":35}},"15":{"start":{"line":16,"column":0},"end":{"line":16,"column":43}},"16":{"start":{"line":17,"column":0},"end":{"line":17,"column":36}},"17":{"start":{"line":18,"column":0},"end":{"line":18,"column":2}},"18":{"start":{"line":19,"column":0},"end":{"line":19,"column":0}},"19":{"start":{"line":20,"column":0},"end":{"line":20,"column":23}}},"s":{"0":1,"1":1,"2":1,"3":1,"4":1,"5":1,"6":1,"7":12,"8":12,"9":12,"10":12,"11":1,"12":1,"13":6,"14":6,"15":6,"16":6,"17":6,"18":1,"19":1},"branchMap":{"0":{"type":"branch","line":7,"loc":{"start":{"line":7,"column":21},"end":{"line":11,"column":2}},"locations":[{"start":{"line":7,"column":21},"end":{"line":11,"column":2}}]},"1":{"type":"branch","line":13,"loc":{"start":{"line":13,"column":16},"end":{"line":18,"column":2}},"locations":[{"start":{"line":13,"column":16},"end":{"line":18,"column":2}}]}},"b":{"0":[12],"1":[6]},"fnMap":{"0":{"name":"getFileData","decl":{"start":{"line":7,"column":21},"end":{"line":11,"column":2}},"loc":{"start":{"line":7,"column":21},"end":{"line":11,"column":2}},"line":7},"1":{"name":"genDiff","decl":{"start":{"line":13,"column":16},"end":{"line":18,"column":2}},"loc":{"start":{"line":13,"column":16},"end":{"line":18,"column":2}},"line":13}},"f":{"0":12,"1":6}}
,"/home/silanov/frontend-project-lvl2/src/parsers.js": {"path":"/home/silanov/frontend-project-lvl2/src/parsers.js","all":false,"statementMap":{"0":{"start":{"line":1,"column":0},"end":{"line":1,"column":27}},"1":{"start":{"line":2,"column":0},"end":{"line":2,"column":0}},"2":{"start":{"line":3,"column":0},"end":{"line":3,"column":38}},"3":{"start":{"line":4,"column":0},"end":{"line":4,"column":21}},"4":{"start":{"line":5,"column":0},"end":{"line":5,"column":16}},"5":{"start":{"line":6,"column":0},"end":{"line":6,"column":30}},"6":{"start":{"line":7,"column":0},"end":{"line":7,"column":15}},"7":{"start":{"line":8,"column":0},"end":{"line":8,"column":29}},"8":{"start":{"line":9,"column":0},"end":{"line":9,"column":16}},"9":{"start":{"line":10,"column":0},"end":{"line":10,"column":29}},"10":{"start":{"line":11,"column":0},"end":{"line":11,"column":12}},"11":{"start":{"line":12,"column":0},"end":{"line":12,"column":57}},"12":{"start":{"line":13,"column":0},"end":{"line":13,"column":3}},"13":{"start":{"line":14,"column":0},"end":{"line":14,"column":2}},"14":{"start":{"line":15,"column":0},"end":{"line":15,"column":0}},"15":{"start":{"line":16,"column":0},"end":{"line":16,"column":24}}},"s":{"0":1,"1":1,"2":1,"3":12,"4":12,"5":12,"6":12,"7":12,"8":12,"9":12,"10":12,"11":12,"12":12,"13":12,"14":1,"15":1},"branchMap":{"0":{"type":"branch","line":3,"loc":{"start":{"line":3,"column":17},"end":{"line":14,"column":2}},"locations":[{"start":{"line":3,"column":17},"end":{"line":14,"column":2}}]},"1":{"type":"branch","line":5,"loc":{"start":{"line":5,"column":4},"end":{"line":6,"column":13}},"locations":[{"start":{"line":5,"column":4},"end":{"line":6,"column":13}}]},"2":{"type":"branch","line":7,"loc":{"start":{"line":7,"column":4},"end":{"line":8,"column":13}},"locations":[{"start":{"line":7,"column":4},"end":{"line":8,"column":13}}]},"3":{"type":"branch","line":9,"loc":{"start":{"line":9,"column":4},"end":{"line":10,"column":13}},"locations":[{"start":{"line":9,"column":4},"end":{"line":10,"column":13}}]},"4":{"type":"branch","line":11,"loc":{"start":{"line":11,"column":4},"end":{"line":12,"column":12}},"locations":[{"start":{"line":11,"column":4},"end":{"line":12,"column":12}}]}},"b":{"0":[12],"1":[6],"2":[0],"3":[6],"4":[0]},"fnMap":{"0":{"name":"getParse","decl":{"start":{"line":3,"column":17},"end":{"line":14,"column":2}},"loc":{"start":{"line":3,"column":17},"end":{"line":14,"column":2}},"line":3}},"f":{"0":12}}
,"/home/silanov/frontend-project-lvl2/src/formaters/index.js": {"path":"/home/silanov/frontend-project-lvl2/src/formaters/index.js","all":false,"statementMap":{"0":{"start":{"line":1,"column":0},"end":{"line":1,"column":35}},"1":{"start":{"line":2,"column":0},"end":{"line":2,"column":31}},"2":{"start":{"line":3,"column":0},"end":{"line":3,"column":29}},"3":{"start":{"line":4,"column":0},"end":{"line":4,"column":0}},"4":{"start":{"line":5,"column":0},"end":{"line":5,"column":40}},"5":{"start":{"line":6,"column":0},"end":{"line":6,"column":19}},"6":{"start":{"line":7,"column":0},"end":{"line":7,"column":19}},"7":{"start":{"line":8,"column":0},"end":{"line":8,"column":27}},"8":{"start":{"line":9,"column":0},"end":{"line":9,"column":17}},"9":{"start":{"line":10,"column":0},"end":{"line":10,"column":25}},"10":{"start":{"line":11,"column":0},"end":{"line":11,"column":16}},"11":{"start":{"line":12,"column":0},"end":{"line":12,"column":24}},"12":{"start":{"line":13,"column":0},"end":{"line":13,"column":12}},"13":{"start":{"line":14,"column":0},"end":{"line":14,"column":52}},"14":{"start":{"line":15,"column":0},"end":{"line":15,"column":3}},"15":{"start":{"line":16,"column":0},"end":{"line":16,"column":2}},"16":{"start":{"line":17,"column":0},"end":{"line":17,"column":0}},"17":{"start":{"line":18,"column":0},"end":{"line":18,"column":28}}},"s":{"0":1,"1":1,"2":1,"3":1,"4":1,"5":6,"6":6,"7":6,"8":6,"9":6,"10":6,"11":6,"12":6,"13":6,"14":6,"15":6,"16":1,"17":1},"branchMap":{"0":{"type":"branch","line":5,"loc":{"start":{"line":5,"column":21},"end":{"line":16,"column":2}},"locations":[{"start":{"line":5,"column":21},"end":{"line":16,"column":2}}]},"1":{"type":"branch","line":7,"loc":{"start":{"line":7,"column":4},"end":{"line":8,"column":13}},"locations":[{"start":{"line":7,"column":4},"end":{"line":8,"column":13}}]},"2":{"type":"branch","line":9,"loc":{"start":{"line":9,"column":4},"end":{"line":10,"column":13}},"locations":[{"start":{"line":9,"column":4},"end":{"line":10,"column":13}}]},"3":{"type":"branch","line":11,"loc":{"start":{"line":11,"column":4},"end":{"line":12,"column":13}},"locations":[{"start":{"line":11,"column":4},"end":{"line":12,"column":13}}]},"4":{"type":"branch","line":13,"loc":{"start":{"line":13,"column":4},"end":{"line":14,"column":12}},"locations":[{"start":{"line":13,"column":4},"end":{"line":14,"column":12}}]}},"b":{"0":[6],"1":[2],"2":[2],"3":[2],"4":[0]},"fnMap":{"0":{"name":"selectFormat","decl":{"start":{"line":5,"column":21},"end":{"line":16,"column":2}},"loc":{"start":{"line":5,"column":21},"end":{"line":16,"column":2}},"line":5}},"f":{"0":6}}
,"/home/silanov/frontend-project-lvl2/src/formaters/json.js": {"path":"/home/silanov/frontend-project-lvl2/src/formaters/json.js","all":false,"statementMap":{"0":{"start":{"line":1,"column":0},"end":{"line":1,"column":56}},"1":{"start":{"line":2,"column":0},"end":{"line":2,"column":0}},"2":{"start":{"line":3,"column":0},"end":{"line":3,"column":20}}},"s":{"0":1,"1":1,"2":1},"branchMap":{"0":{"type":"branch","line":1,"loc":{"start":{"line":1,"column":14},"end":{"line":1,"column":27}},"locations":[{"start":{"line":1,"column":14},"end":{"line":1,"column":27}}]}},"b":{"0":[2]},"fnMap":{"0":{"name":"json","decl":{"start":{"line":1,"column":14},"end":{"line":1,"column":27}},"loc":{"start":{"line":1,"column":14},"end":{"line":1,"column":27}},"line":1}},"f":{"0":2}}
,"/home/silanov/frontend-project-lvl2/src/formaters/plain.js": {"path":"/home/silanov/frontend-project-lvl2/src/formaters/plain.js","all":false,"statementMap":{"0":{"start":{"line":1,"column":0},"end":{"line":1,"column":23}},"1":{"start":{"line":2,"column":0},"end":{"line":2,"column":0}},"2":{"start":{"line":3,"column":0},"end":{"line":3,"column":30}},"3":{"start":{"line":4,"column":0},"end":{"line":4,"column":26}},"4":{"start":{"line":5,"column":0},"end":{"line":5,"column":29}},"5":{"start":{"line":6,"column":0},"end":{"line":6,"column":3}},"6":{"start":{"line":7,"column":0},"end":{"line":7,"column":26}},"7":{"start":{"line":8,"column":0},"end":{"line":8,"column":24}},"8":{"start":{"line":9,"column":0},"end":{"line":9,"column":3}},"9":{"start":{"line":10,"column":0},"end":{"line":10,"column":15}},"10":{"start":{"line":11,"column":0},"end":{"line":11,"column":2}},"11":{"start":{"line":12,"column":0},"end":{"line":12,"column":0}},"12":{"start":{"line":13,"column":0},"end":{"line":13,"column":56}},"13":{"start":{"line":14,"column":0},"end":{"line":14,"column":0}},"14":{"start":{"line":15,"column":0},"end":{"line":15,"column":25}},"15":{"start":{"line":16,"column":0},"end":{"line":16,"column":33}},"16":{"start":{"line":17,"column":0},"end":{"line":17,"column":48}},"17":{"start":{"line":18,"column":0},"end":{"line":18,"column":26}},"18":{"start":{"line":19,"column":0},"end":{"line":19,"column":23}},"19":{"start":{"line":20,"column":0},"end":{"line":20,"column":70}},"20":{"start":{"line":21,"column":0},"end":{"line":21,"column":21}},"21":{"start":{"line":22,"column":0},"end":{"line":22,"column":105}},"22":{"start":{"line":23,"column":0},"end":{"line":23,"column":22}},"23":{"start":{"line":24,"column":0},"end":{"line":24,"column":59}},"24":{"start":{"line":25,"column":0},"end":{"line":25,"column":23}},"25":{"start":{"line":26,"column":0},"end":{"line":26,"column":140}},"26":{"start":{"line":27,"column":0},"end":{"line":27,"column":25}},"27":{"start":{"line":28,"column":0},"end":{"line":28,"column":20}},"28":{"start":{"line":29,"column":0},"end":{"line":29,"column":16}},"29":{"start":{"line":30,"column":0},"end":{"line":30,"column":61}},"30":{"start":{"line":31,"column":0},"end":{"line":31,"column":7}},"31":{"start":{"line":32,"column":0},"end":{"line":32,"column":7}},"32":{"start":{"line":33,"column":0},"end":{"line":33,"column":34}},"33":{"start":{"line":34,"column":0},"end":{"line":34,"column":4}},"34":{"start":{"line":35,"column":0},"end":{"line":35,"column":24}},"35":{"start":{"line":36,"column":0},"end":{"line":36,"column":2}},"36":{"start":{"line":37,"column":0},"end":{"line":37,"column":0}},"37":{"start":{"line":38,"column":0},"end":{"line":38,"column":21}}},"s":{"0":1,"1":1,"2":1,"3":26,"4":6,"5":6,"6":26,"7":14,"8":14,"9":6,"10":6,"11":1,"12":1,"13":1,"14":1,"15":2,"16":10,"17":36,"18":36,"19":36,"20":36,"21":36,"22":36,"23":36,"24":36,"25":36,"26":36,"27":36,"28":36,"29":36,"30":36,"31":36,"32":10,"33":10,"34":2,"35":2,"36":1,"37":1},"branchMap":{"0":{"type":"branch","line":3,"loc":{"start":{"line":3,"column":19},"end":{"line":11,"column":2}},"locations":[{"start":{"line":3,"column":19},"end":{"line":11,"column":2}}]},"1":{"type":"branch","line":4,"loc":{"start":{"line":4,"column":25},"end":{"line":6,"column":3}},"locations":[{"start":{"line":4,"column":25},"end":{"line":6,"column":3}}]},"2":{"type":"branch","line":7,"loc":{"start":{"line":7,"column":-1},"end":{"line":7,"column":6}},"locations":[{"start":{"line":7,"column":-1},"end":{"line":7,"column":6}}]},"3":{"type":"branch","line":7,"loc":{"start":{"line":7,"column":25},"end":{"line":9,"column":3}},"locations":[{"start":{"line":7,"column":25},"end":{"line":9,"column":3}}]},"4":{"type":"branch","line":10,"loc":{"start":{"line":10,"column":-1},"end":{"line":11,"column":2}},"locations":[{"start":{"line":10,"column":-1},"end":{"line":11,"column":2}}]},"5":{"type":"branch","line":13,"loc":{"start":{"line":13,"column":16},"end":{"line":13,"column":32}},"locations":[{"start":{"line":13,"column":16},"end":{"line":13,"column":32}}]},"6":{"type":"branch","line":15,"loc":{"start":{"line":15,"column":15},"end":{"line":36,"column":2}},"locations":[{"start":{"line":15,"column":15},"end":{"line":36,"column":2}}]},"7":{"type":"branch","line":16,"loc":{"start":{"line":16,"column":15},"end":{"line":34,"column":4}},"locations":[{"start":{"line":16,"column":15},"end":{"line":34,"column":4}}]},"8":{"type":"branch","line":17,"loc":{"start":{"line":17,"column":38},"end":{"line":32,"column":7}},"locations":[{"start":{"line":17,"column":38},"end":{"line":32,"column":7}}]},"9":{"type":"branch","line":19,"loc":{"start":{"line":19,"column":8},"end":{"line":20,"column":18}},"locations":[{"start":{"line":19,"column":8},"end":{"line":20,"column":18}}]},"10":{"type":"branch","line":21,"loc":{"start":{"line":21,"column":8},"end":{"line":22,"column":18}},"locations":[{"start":{"line":21,"column":8},"end":{"line":22,"column":18}}]},"11":{"type":"branch","line":23,"loc":{"start":{"line":23,"column":8},"end":{"line":24,"column":17}},"locations":[{"start":{"line":23,"column":8},"end":{"line":24,"column":17}}]},"12":{"type":"branch","line":25,"loc":{"start":{"line":25,"column":8},"end":{"line":26,"column":18}},"locations":[{"start":{"line":25,"column":8},"end":{"line":26,"column":18}}]},"13":{"type":"branch","line":27,"loc":{"start":{"line":27,"column":8},"end":{"line":28,"column":17}},"locations":[{"start":{"line":27,"column":8},"end":{"line":28,"column":17}}]},"14":{"type":"branch","line":29,"loc":{"start":{"line":29,"column":8},"end":{"line":30,"column":16}},"locations":[{"start":{"line":29,"column":8},"end":{"line":30,"column":16}}]}},"b":{"0":[26],"1":[6],"2":[20],"3":[14],"4":[6],"5":[22],"6":[2],"7":[10],"8":[36],"9":[4],"10":[10],"11":[8],"12":[8],"13":[6],"14":[0]},"fnMap":{"0":{"name":"stringify","decl":{"start":{"line":3,"column":19},"end":{"line":11,"column":2}},"loc":{"start":{"line":3,"column":19},"end":{"line":11,"column":2}},"line":3},"1":{"name":"getPath","decl":{"start":{"line":13,"column":16},"end":{"line":13,"column":32}},"loc":{"start":{"line":13,"column":16},"end":{"line":13,"column":32}},"line":13},"2":{"name":"plain","decl":{"start":{"line":15,"column":15},"end":{"line":36,"column":2}},"loc":{"start":{"line":15,"column":15},"end":{"line":36,"column":2}},"line":15},"3":{"name":"iter","decl":{"start":{"line":16,"column":15},"end":{"line":34,"column":4}},"loc":{"start":{"line":16,"column":15},"end":{"line":34,"column":4}},"line":16}},"f":{"0":26,"1":22,"2":2,"3":10}}
,"/home/silanov/frontend-project-lvl2/src/formaters/stylish.js": {"path":"/home/silanov/frontend-project-lvl2/src/formaters/stylish.js","all":false,"statementMap":{"0":{"start":{"line":1,"column":0},"end":{"line":1,"column":23}},"1":{"start":{"line":2,"column":0},"end":{"line":2,"column":0}},"2":{"start":{"line":3,"column":0},"end":{"line":3,"column":90}},"3":{"start":{"line":4,"column":0},"end":{"line":4,"column":97}},"4":{"start":{"line":5,"column":0},"end":{"line":5,"column":0}},"5":{"start":{"line":6,"column":0},"end":{"line":6,"column":43}},"6":{"start":{"line":7,"column":0},"end":{"line":7,"column":34}},"7":{"start":{"line":8,"column":0},"end":{"line":8,"column":29}},"8":{"start":{"line":9,"column":0},"end":{"line":9,"column":3}},"9":{"start":{"line":10,"column":0},"end":{"line":10,"column":22}},"10":{"start":{"line":11,"column":0},"end":{"line":11,"column":26}},"11":{"start":{"line":12,"column":0},"end":{"line":12,"column":89}},"12":{"start":{"line":13,"column":0},"end":{"line":13,"column":67}},"13":{"start":{"line":14,"column":0},"end":{"line":14,"column":2}},"14":{"start":{"line":15,"column":0},"end":{"line":15,"column":0}},"15":{"start":{"line":16,"column":0},"end":{"line":16,"column":27}},"16":{"start":{"line":17,"column":0},"end":{"line":17,"column":33}},"17":{"start":{"line":18,"column":0},"end":{"line":18,"column":39}},"18":{"start":{"line":19,"column":0},"end":{"line":19,"column":50}},"19":{"start":{"line":20,"column":0},"end":{"line":20,"column":0}},"20":{"start":{"line":21,"column":0},"end":{"line":21,"column":53}},"21":{"start":{"line":22,"column":0},"end":{"line":22,"column":26}},"22":{"start":{"line":23,"column":0},"end":{"line":23,"column":21}},"23":{"start":{"line":24,"column":0},"end":{"line":24,"column":81}},"24":{"start":{"line":25,"column":0},"end":{"line":25,"column":23}},"25":{"start":{"line":26,"column":0},"end":{"line":26,"column":81}},"26":{"start":{"line":27,"column":0},"end":{"line":27,"column":22}},"27":{"start":{"line":28,"column":0},"end":{"line":28,"column":80}},"28":{"start":{"line":29,"column":0},"end":{"line":29,"column":25}},"29":{"start":{"line":30,"column":0},"end":{"line":30,"column":81}},"30":{"start":{"line":31,"column":0},"end":{"line":31,"column":23}},"31":{"start":{"line":32,"column":0},"end":{"line":32,"column":155}},"32":{"start":{"line":33,"column":0},"end":{"line":33,"column":16}},"33":{"start":{"line":34,"column":0},"end":{"line":34,"column":61}},"34":{"start":{"line":35,"column":0},"end":{"line":35,"column":7}},"35":{"start":{"line":36,"column":0},"end":{"line":36,"column":7}},"36":{"start":{"line":37,"column":0},"end":{"line":37,"column":74}},"37":{"start":{"line":38,"column":0},"end":{"line":38,"column":4}},"38":{"start":{"line":39,"column":0},"end":{"line":39,"column":23}},"39":{"start":{"line":40,"column":0},"end":{"line":40,"column":2}},"40":{"start":{"line":41,"column":0},"end":{"line":41,"column":0}},"41":{"start":{"line":42,"column":0},"end":{"line":42,"column":23}}},"s":{"0":1,"1":1,"2":1,"3":1,"4":1,"5":1,"6":54,"7":40,"8":40,"9":14,"10":14,"11":14,"12":14,"13":14,"14":1,"15":1,"16":2,"17":10,"18":10,"19":10,"20":10,"21":36,"22":36,"23":36,"24":36,"25":36,"26":36,"27":36,"28":36,"29":36,"30":36,"31":36,"32":36,"33":36,"34":36,"35":36,"36":10,"37":10,"38":2,"39":2,"40":1,"41":1},"branchMap":{"0":{"type":"branch","line":3,"loc":{"start":{"line":3,"column":18},"end":{"line":3,"column":59}},"locations":[{"start":{"line":3,"column":18},"end":{"line":3,"column":59}}]},"1":{"type":"branch","line":4,"loc":{"start":{"line":4,"column":25},"end":{"line":4,"column":66}},"locations":[{"start":{"line":4,"column":25},"end":{"line":4,"column":66}}]},"2":{"type":"branch","line":6,"loc":{"start":{"line":6,"column":17},"end":{"line":14,"column":2}},"locations":[{"start":{"line":6,"column":17},"end":{"line":14,"column":2}}]},"3":{"type":"branch","line":7,"loc":{"start":{"line":7,"column":33},"end":{"line":9,"column":3}},"locations":[{"start":{"line":7,"column":33},"end":{"line":9,"column":3}}]},"4":{"type":"branch","line":10,"loc":{"start":{"line":10,"column":-1},"end":{"line":14,"column":2}},"locations":[{"start":{"line":10,"column":-1},"end":{"line":14,"column":2}}]},"5":{"type":"branch","line":12,"loc":{"start":{"line":12,"column":9},"end":{"line":12,"column":89}},"locations":[{"start":{"line":12,"column":9},"end":{"line":12,"column":89}}]},"6":{"type":"branch","line":16,"loc":{"start":{"line":16,"column":17},"end":{"line":40,"column":2}},"locations":[{"start":{"line":16,"column":17},"end":{"line":40,"column":2}}]},"7":{"type":"branch","line":17,"loc":{"start":{"line":17,"column":15},"end":{"line":38,"column":4}},"locations":[{"start":{"line":17,"column":15},"end":{"line":38,"column":4}}]},"8":{"type":"branch","line":21,"loc":{"start":{"line":21,"column":43},"end":{"line":36,"column":7}},"locations":[{"start":{"line":21,"column":43},"end":{"line":36,"column":7}}]},"9":{"type":"branch","line":23,"loc":{"start":{"line":23,"column":8},"end":{"line":24,"column":18}},"locations":[{"start":{"line":23,"column":8},"end":{"line":24,"column":18}}]},"10":{"type":"branch","line":25,"loc":{"start":{"line":25,"column":8},"end":{"line":26,"column":18}},"locations":[{"start":{"line":25,"column":8},"end":{"line":26,"column":18}}]},"11":{"type":"branch","line":27,"loc":{"start":{"line":27,"column":8},"end":{"line":28,"column":18}},"locations":[{"start":{"line":27,"column":8},"end":{"line":28,"column":18}}]},"12":{"type":"branch","line":29,"loc":{"start":{"line":29,"column":8},"end":{"line":30,"column":18}},"locations":[{"start":{"line":29,"column":8},"end":{"line":30,"column":18}}]},"13":{"type":"branch","line":31,"loc":{"start":{"line":31,"column":8},"end":{"line":32,"column":18}},"locations":[{"start":{"line":31,"column":8},"end":{"line":32,"column":18}}]},"14":{"type":"branch","line":33,"loc":{"start":{"line":33,"column":8},"end":{"line":34,"column":16}},"locations":[{"start":{"line":33,"column":8},"end":{"line":34,"column":16}}]}},"b":{"0":[28],"1":[24],"2":[54],"3":[40],"4":[14],"5":[18],"6":[2],"7":[10],"8":[36],"9":[10],"10":[4],"11":[8],"12":[6],"13":[8],"14":[0]},"fnMap":{"0":{"name":"getIndent","decl":{"start":{"line":3,"column":18},"end":{"line":3,"column":59}},"loc":{"start":{"line":3,"column":18},"end":{"line":3,"column":59}},"line":3},"1":{"name":"getBracketIndent","decl":{"start":{"line":4,"column":25},"end":{"line":4,"column":66}},"loc":{"start":{"line":4,"column":25},"end":{"line":4,"column":66}},"line":4},"2":{"name":"getValue","decl":{"start":{"line":6,"column":17},"end":{"line":14,"column":2}},"loc":{"start":{"line":6,"column":17},"end":{"line":14,"column":2}},"line":6},"3":{"name":"stylish","decl":{"start":{"line":16,"column":17},"end":{"line":40,"column":2}},"loc":{"start":{"line":16,"column":17},"end":{"line":40,"column":2}},"line":16},"4":{"name":"iter","decl":{"start":{"line":17,"column":15},"end":{"line":38,"column":4}},"loc":{"start":{"line":17,"column":15},"end":{"line":38,"column":4}},"line":17}},"f":{"0":28,"1":24,"2":54,"3":2,"4":10}}
}
