{"/home/silanov/frontend-project-lvl2/src/index.js": {"path":"/home/silanov/frontend-project-lvl2/src/index.js","all":false,"statementMap":{"0":{"start":{"line":1,"column":0},"end":{"line":1,"column":39}},"1":{"start":{"line":2,"column":0},"end":{"line":2,"column":23}},"2":{"start":{"line":3,"column":0},"end":{"line":3,"column":24}},"3":{"start":{"line":4,"column":0},"end":{"line":4,"column":33}},"4":{"start":{"line":5,"column":0},"end":{"line":5,"column":48}},"5":{"start":{"line":6,"column":0},"end":{"line":6,"column":0}},"6":{"start":{"line":7,"column":0},"end":{"line":7,"column":35}},"7":{"start":{"line":8,"column":0},"end":{"line":8,"column":71}},"8":{"start":{"line":9,"column":0},"end":{"line":9,"column":46}},"9":{"start":{"line":10,"column":0},"end":{"line":10,"column":30}},"10":{"start":{"line":11,"column":0},"end":{"line":11,"column":2}},"11":{"start":{"line":12,"column":0},"end":{"line":12,"column":0}},"12":{"start":{"line":13,"column":0},"end":{"line":13,"column":41}},"13":{"start":{"line":14,"column":0},"end":{"line":14,"column":68}},"14":{"start":{"line":15,"column":0},"end":{"line":15,"column":50}},"15":{"start":{"line":16,"column":0},"end":{"line":16,"column":30}},"16":{"start":{"line":17,"column":0},"end":{"line":17,"column":64}},"17":{"start":{"line":18,"column":0},"end":{"line":18,"column":5}},"18":{"start":{"line":19,"column":0},"end":{"line":19,"column":30}},"19":{"start":{"line":20,"column":0},"end":{"line":20,"column":62}},"20":{"start":{"line":21,"column":0},"end":{"line":21,"column":5}},"21":{"start":{"line":22,"column":0},"end":{"line":22,"column":61}},"22":{"start":{"line":23,"column":0},"end":{"line":23,"column":94}},"23":{"start":{"line":24,"column":0},"end":{"line":24,"column":5}},"24":{"start":{"line":25,"column":0},"end":{"line":25,"column":38}},"25":{"start":{"line":26,"column":0},"end":{"line":26,"column":14}},"26":{"start":{"line":27,"column":0},"end":{"line":27,"column":18}},"27":{"start":{"line":28,"column":0},"end":{"line":28,"column":32}},"28":{"start":{"line":29,"column":0},"end":{"line":29,"column":33}},"29":{"start":{"line":30,"column":0},"end":{"line":30,"column":24}},"30":{"start":{"line":31,"column":0},"end":{"line":31,"column":8}},"31":{"start":{"line":32,"column":0},"end":{"line":32,"column":5}},"32":{"start":{"line":33,"column":0},"end":{"line":33,"column":64}},"33":{"start":{"line":34,"column":0},"end":{"line":34,"column":5}},"34":{"start":{"line":35,"column":0},"end":{"line":35,"column":14}},"35":{"start":{"line":36,"column":0},"end":{"line":36,"column":2}},"36":{"start":{"line":37,"column":0},"end":{"line":37,"column":0}},"37":{"start":{"line":38,"column":0},"end":{"line":38,"column":55}},"38":{"start":{"line":39,"column":0},"end":{"line":39,"column":35}},"39":{"start":{"line":40,"column":0},"end":{"line":40,"column":35}},"40":{"start":{"line":41,"column":0},"end":{"line":41,"column":43}},"41":{"start":{"line":42,"column":0},"end":{"line":42,"column":36}},"42":{"start":{"line":43,"column":0},"end":{"line":43,"column":2}},"43":{"start":{"line":44,"column":0},"end":{"line":44,"column":0}},"44":{"start":{"line":45,"column":0},"end":{"line":45,"column":23}}},"s":{"0":1,"1":1,"2":1,"3":1,"4":1,"5":1,"6":1,"7":12,"8":12,"9":12,"10":12,"11":1,"12":1,"13":30,"14":30,"15":108,"16":12,"17":12,"18":108,"19":30,"20":30,"21":108,"22":24,"23":24,"24":108,"25":24,"26":24,"27":24,"28":24,"29":24,"30":24,"31":24,"32":18,"33":18,"34":30,"35":30,"36":1,"37":1,"38":6,"39":6,"40":6,"41":6,"42":6,"43":1,"44":1},"branchMap":{"0":{"type":"branch","line":7,"loc":{"start":{"line":7,"column":21},"end":{"line":11,"column":2}},"locations":[{"start":{"line":7,"column":21},"end":{"line":11,"column":2}}]},"1":{"type":"branch","line":13,"loc":{"start":{"line":13,"column":22},"end":{"line":36,"column":2}},"locations":[{"start":{"line":13,"column":22},"end":{"line":36,"column":2}}]},"2":{"type":"branch","line":15,"loc":{"start":{"line":15,"column":40},"end":{"line":34,"column":5}},"locations":[{"start":{"line":15,"column":40},"end":{"line":34,"column":5}}]},"3":{"type":"branch","line":16,"loc":{"start":{"line":16,"column":29},"end":{"line":18,"column":5}},"locations":[{"start":{"line":16,"column":29},"end":{"line":18,"column":5}}]},"4":{"type":"branch","line":19,"loc":{"start":{"line":19,"column":-1},"end":{"line":19,"column":8}},"locations":[{"start":{"line":19,"column":-1},"end":{"line":19,"column":8}}]},"5":{"type":"branch","line":19,"loc":{"start":{"line":19,"column":29},"end":{"line":21,"column":5}},"locations":[{"start":{"line":19,"column":29},"end":{"line":21,"column":5}}]},"6":{"type":"branch","line":22,"loc":{"start":{"line":22,"column":-1},"end":{"line":22,"column":9}},"locations":[{"start":{"line":22,"column":-1},"end":{"line":22,"column":9}}]},"7":{"type":"branch","line":22,"loc":{"start":{"line":22,"column":8},"end":{"line":22,"column":36}},"locations":[{"start":{"line":22,"column":8},"end":{"line":22,"column":36}}]},"8":{"type":"branch","line":22,"loc":{"start":{"line":22,"column":60},"end":{"line":24,"column":5}},"locations":[{"start":{"line":22,"column":60},"end":{"line":24,"column":5}}]},"9":{"type":"branch","line":25,"loc":{"start":{"line":25,"column":-1},"end":{"line":25,"column":8}},"locations":[{"start":{"line":25,"column":-1},"end":{"line":25,"column":8}}]},"10":{"type":"branch","line":25,"loc":{"start":{"line":25,"column":37},"end":{"line":32,"column":5}},"locations":[{"start":{"line":25,"column":37},"end":{"line":32,"column":5}}]},"11":{"type":"branch","line":33,"loc":{"start":{"line":33,"column":-1},"end":{"line":34,"column":5}},"locations":[{"start":{"line":33,"column":-1},"end":{"line":34,"column":5}}]},"12":{"type":"branch","line":38,"loc":{"start":{"line":38,"column":16},"end":{"line":43,"column":2}},"locations":[{"start":{"line":38,"column":16},"end":{"line":43,"column":2}}]}},"b":{"0":[12],"1":[30],"2":[108],"3":[12],"4":[96],"5":[30],"6":[66],"7":[30],"8":[24],"9":[42],"10":[24],"11":[18],"12":[6]},"fnMap":{"0":{"name":"getFileData","decl":{"start":{"line":7,"column":21},"end":{"line":11,"column":2}},"loc":{"start":{"line":7,"column":21},"end":{"line":11,"column":2}},"line":7},"1":{"name":"calculateDiff","decl":{"start":{"line":13,"column":22},"end":{"line":36,"column":2}},"loc":{"start":{"line":13,"column":22},"end":{"line":36,"column":2}},"line":13},"2":{"name":"genDiff","decl":{"start":{"line":38,"column":16},"end":{"line":43,"column":2}},"loc":{"start":{"line":38,"column":16},"end":{"line":43,"column":2}},"line":38}},"f":{"0":12,"1":30,"2":6}}
,"/home/silanov/frontend-project-lvl2/src/parsers.js": {"path":"/home/silanov/frontend-project-lvl2/src/parsers.js","all":false,"statementMap":{"0":{"start":{"line":1,"column":0},"end":{"line":1,"column":27}},"1":{"start":{"line":2,"column":0},"end":{"line":2,"column":0}},"2":{"start":{"line":3,"column":0},"end":{"line":3,"column":35}},"3":{"start":{"line":4,"column":0},"end":{"line":4,"column":21}},"4":{"start":{"line":5,"column":0},"end":{"line":5,"column":16}},"5":{"start":{"line":6,"column":0},"end":{"line":6,"column":30}},"6":{"start":{"line":7,"column":0},"end":{"line":7,"column":15}},"7":{"start":{"line":8,"column":0},"end":{"line":8,"column":29}},"8":{"start":{"line":9,"column":0},"end":{"line":9,"column":16}},"9":{"start":{"line":10,"column":0},"end":{"line":10,"column":29}},"10":{"start":{"line":11,"column":0},"end":{"line":11,"column":12}},"11":{"start":{"line":12,"column":0},"end":{"line":12,"column":57}},"12":{"start":{"line":13,"column":0},"end":{"line":13,"column":3}},"13":{"start":{"line":14,"column":0},"end":{"line":14,"column":2}},"14":{"start":{"line":15,"column":0},"end":{"line":15,"column":0}},"15":{"start":{"line":16,"column":0},"end":{"line":16,"column":21}}},"s":{"0":1,"1":1,"2":1,"3":12,"4":12,"5":12,"6":12,"7":12,"8":12,"9":12,"10":12,"11":12,"12":12,"13":12,"14":1,"15":1},"branchMap":{"0":{"type":"branch","line":3,"loc":{"start":{"line":3,"column":14},"end":{"line":14,"column":2}},"locations":[{"start":{"line":3,"column":14},"end":{"line":14,"column":2}}]},"1":{"type":"branch","line":5,"loc":{"start":{"line":5,"column":4},"end":{"line":6,"column":13}},"locations":[{"start":{"line":5,"column":4},"end":{"line":6,"column":13}}]},"2":{"type":"branch","line":7,"loc":{"start":{"line":7,"column":4},"end":{"line":8,"column":13}},"locations":[{"start":{"line":7,"column":4},"end":{"line":8,"column":13}}]},"3":{"type":"branch","line":9,"loc":{"start":{"line":9,"column":4},"end":{"line":10,"column":13}},"locations":[{"start":{"line":9,"column":4},"end":{"line":10,"column":13}}]},"4":{"type":"branch","line":11,"loc":{"start":{"line":11,"column":4},"end":{"line":12,"column":12}},"locations":[{"start":{"line":11,"column":4},"end":{"line":12,"column":12}}]}},"b":{"0":[12],"1":[6],"2":[0],"3":[6],"4":[0]},"fnMap":{"0":{"name":"parse","decl":{"start":{"line":3,"column":14},"end":{"line":14,"column":2}},"loc":{"start":{"line":3,"column":14},"end":{"line":14,"column":2}},"line":3}},"f":{"0":12}}
,"/home/silanov/frontend-project-lvl2/src/formaters/index.js": {"path":"/home/silanov/frontend-project-lvl2/src/formaters/index.js","all":false,"statementMap":{"0":{"start":{"line":1,"column":0},"end":{"line":1,"column":35}},"1":{"start":{"line":2,"column":0},"end":{"line":2,"column":31}},"2":{"start":{"line":3,"column":0},"end":{"line":3,"column":29}},"3":{"start":{"line":4,"column":0},"end":{"line":4,"column":0}},"4":{"start":{"line":5,"column":0},"end":{"line":5,"column":40}},"5":{"start":{"line":6,"column":0},"end":{"line":6,"column":19}},"6":{"start":{"line":7,"column":0},"end":{"line":7,"column":19}},"7":{"start":{"line":8,"column":0},"end":{"line":8,"column":27}},"8":{"start":{"line":9,"column":0},"end":{"line":9,"column":17}},"9":{"start":{"line":10,"column":0},"end":{"line":10,"column":25}},"10":{"start":{"line":11,"column":0},"end":{"line":11,"column":16}},"11":{"start":{"line":12,"column":0},"end":{"line":12,"column":24}},"12":{"start":{"line":13,"column":0},"end":{"line":13,"column":12}},"13":{"start":{"line":14,"column":0},"end":{"line":14,"column":52}},"14":{"start":{"line":15,"column":0},"end":{"line":15,"column":3}},"15":{"start":{"line":16,"column":0},"end":{"line":16,"column":2}},"16":{"start":{"line":17,"column":0},"end":{"line":17,"column":0}},"17":{"start":{"line":18,"column":0},"end":{"line":18,"column":28}}},"s":{"0":1,"1":1,"2":1,"3":1,"4":1,"5":6,"6":6,"7":6,"8":6,"9":6,"10":6,"11":6,"12":6,"13":6,"14":6,"15":6,"16":1,"17":1},"branchMap":{"0":{"type":"branch","line":5,"loc":{"start":{"line":5,"column":21},"end":{"line":16,"column":2}},"locations":[{"start":{"line":5,"column":21},"end":{"line":16,"column":2}}]},"1":{"type":"branch","line":7,"loc":{"start":{"line":7,"column":4},"end":{"line":8,"column":13}},"locations":[{"start":{"line":7,"column":4},"end":{"line":8,"column":13}}]},"2":{"type":"branch","line":9,"loc":{"start":{"line":9,"column":4},"end":{"line":10,"column":13}},"locations":[{"start":{"line":9,"column":4},"end":{"line":10,"column":13}}]},"3":{"type":"branch","line":11,"loc":{"start":{"line":11,"column":4},"end":{"line":12,"column":13}},"locations":[{"start":{"line":11,"column":4},"end":{"line":12,"column":13}}]},"4":{"type":"branch","line":13,"loc":{"start":{"line":13,"column":4},"end":{"line":14,"column":12}},"locations":[{"start":{"line":13,"column":4},"end":{"line":14,"column":12}}]}},"b":{"0":[6],"1":[2],"2":[2],"3":[2],"4":[0]},"fnMap":{"0":{"name":"selectFormat","decl":{"start":{"line":5,"column":21},"end":{"line":16,"column":2}},"loc":{"start":{"line":5,"column":21},"end":{"line":16,"column":2}},"line":5}},"f":{"0":6}}
,"/home/silanov/frontend-project-lvl2/src/formaters/json.js": {"path":"/home/silanov/frontend-project-lvl2/src/formaters/json.js","all":false,"statementMap":{"0":{"start":{"line":1,"column":0},"end":{"line":1,"column":56}},"1":{"start":{"line":2,"column":0},"end":{"line":2,"column":0}},"2":{"start":{"line":3,"column":0},"end":{"line":3,"column":20}}},"s":{"0":1,"1":1,"2":1},"branchMap":{"0":{"type":"branch","line":1,"loc":{"start":{"line":1,"column":14},"end":{"line":1,"column":27}},"locations":[{"start":{"line":1,"column":14},"end":{"line":1,"column":27}}]}},"b":{"0":[2]},"fnMap":{"0":{"name":"json","decl":{"start":{"line":1,"column":14},"end":{"line":1,"column":27}},"loc":{"start":{"line":1,"column":14},"end":{"line":1,"column":27}},"line":1}},"f":{"0":2}}
,"/home/silanov/frontend-project-lvl2/src/formaters/plain.js": {"path":"/home/silanov/frontend-project-lvl2/src/formaters/plain.js","all":false,"statementMap":{"0":{"start":{"line":1,"column":0},"end":{"line":1,"column":23}},"1":{"start":{"line":2,"column":0},"end":{"line":2,"column":0}},"2":{"start":{"line":3,"column":0},"end":{"line":3,"column":25}},"3":{"start":{"line":4,"column":0},"end":{"line":4,"column":36}},"4":{"start":{"line":5,"column":0},"end":{"line":5,"column":28}},"5":{"start":{"line":6,"column":0},"end":{"line":6,"column":31}},"6":{"start":{"line":7,"column":0},"end":{"line":7,"column":5}},"7":{"start":{"line":8,"column":0},"end":{"line":8,"column":28}},"8":{"start":{"line":9,"column":0},"end":{"line":9,"column":26}},"9":{"start":{"line":10,"column":0},"end":{"line":10,"column":5}},"10":{"start":{"line":11,"column":0},"end":{"line":11,"column":17}},"11":{"start":{"line":12,"column":0},"end":{"line":12,"column":4}},"12":{"start":{"line":13,"column":0},"end":{"line":13,"column":58}},"13":{"start":{"line":14,"column":0},"end":{"line":14,"column":33}},"14":{"start":{"line":15,"column":0},"end":{"line":15,"column":48}},"15":{"start":{"line":16,"column":0},"end":{"line":16,"column":36}},"16":{"start":{"line":17,"column":0},"end":{"line":17,"column":68}},"17":{"start":{"line":18,"column":0},"end":{"line":18,"column":7}},"18":{"start":{"line":19,"column":0},"end":{"line":19,"column":34}},"19":{"start":{"line":20,"column":0},"end":{"line":20,"column":107}},"20":{"start":{"line":21,"column":0},"end":{"line":21,"column":7}},"21":{"start":{"line":22,"column":0},"end":{"line":22,"column":35}},"22":{"start":{"line":23,"column":0},"end":{"line":23,"column":57}},"23":{"start":{"line":24,"column":0},"end":{"line":24,"column":7}},"24":{"start":{"line":25,"column":0},"end":{"line":25,"column":36}},"25":{"start":{"line":26,"column":0},"end":{"line":26,"column":146}},"26":{"start":{"line":27,"column":0},"end":{"line":27,"column":7}},"27":{"start":{"line":28,"column":0},"end":{"line":28,"column":16}},"28":{"start":{"line":29,"column":0},"end":{"line":29,"column":7}},"29":{"start":{"line":30,"column":0},"end":{"line":30,"column":34}},"30":{"start":{"line":31,"column":0},"end":{"line":31,"column":4}},"31":{"start":{"line":32,"column":0},"end":{"line":32,"column":24}},"32":{"start":{"line":33,"column":0},"end":{"line":33,"column":2}},"33":{"start":{"line":34,"column":0},"end":{"line":34,"column":0}},"34":{"start":{"line":35,"column":0},"end":{"line":35,"column":21}}},"s":{"0":1,"1":1,"2":1,"3":2,"4":26,"5":6,"6":6,"7":26,"8":14,"9":14,"10":6,"11":6,"12":2,"13":2,"14":10,"15":36,"16":4,"17":4,"18":36,"19":10,"20":10,"21":36,"22":8,"23":8,"24":36,"25":8,"26":8,"27":6,"28":6,"29":10,"30":10,"31":2,"32":2,"33":1,"34":1},"branchMap":{"0":{"type":"branch","line":3,"loc":{"start":{"line":3,"column":15},"end":{"line":33,"column":2}},"locations":[{"start":{"line":3,"column":15},"end":{"line":33,"column":2}}]},"1":{"type":"branch","line":4,"loc":{"start":{"line":4,"column":25},"end":{"line":12,"column":4}},"locations":[{"start":{"line":4,"column":25},"end":{"line":12,"column":4}}]},"2":{"type":"branch","line":5,"loc":{"start":{"line":5,"column":27},"end":{"line":7,"column":5}},"locations":[{"start":{"line":5,"column":27},"end":{"line":7,"column":5}}]},"3":{"type":"branch","line":8,"loc":{"start":{"line":8,"column":-1},"end":{"line":8,"column":8}},"locations":[{"start":{"line":8,"column":-1},"end":{"line":8,"column":8}}]},"4":{"type":"branch","line":8,"loc":{"start":{"line":8,"column":27},"end":{"line":10,"column":5}},"locations":[{"start":{"line":8,"column":27},"end":{"line":10,"column":5}}]},"5":{"type":"branch","line":11,"loc":{"start":{"line":11,"column":-1},"end":{"line":12,"column":4}},"locations":[{"start":{"line":11,"column":-1},"end":{"line":12,"column":4}}]},"6":{"type":"branch","line":13,"loc":{"start":{"line":13,"column":18},"end":{"line":13,"column":34}},"locations":[{"start":{"line":13,"column":18},"end":{"line":13,"column":34}}]},"7":{"type":"branch","line":14,"loc":{"start":{"line":14,"column":15},"end":{"line":31,"column":4}},"locations":[{"start":{"line":14,"column":15},"end":{"line":31,"column":4}}]},"8":{"type":"branch","line":15,"loc":{"start":{"line":15,"column":38},"end":{"line":29,"column":7}},"locations":[{"start":{"line":15,"column":38},"end":{"line":29,"column":7}}]},"9":{"type":"branch","line":16,"loc":{"start":{"line":16,"column":35},"end":{"line":18,"column":7}},"locations":[{"start":{"line":16,"column":35},"end":{"line":18,"column":7}}]},"10":{"type":"branch","line":19,"loc":{"start":{"line":19,"column":-1},"end":{"line":19,"column":10}},"locations":[{"start":{"line":19,"column":-1},"end":{"line":19,"column":10}}]},"11":{"type":"branch","line":19,"loc":{"start":{"line":19,"column":33},"end":{"line":21,"column":7}},"locations":[{"start":{"line":19,"column":33},"end":{"line":21,"column":7}}]},"12":{"type":"branch","line":22,"loc":{"start":{"line":22,"column":-1},"end":{"line":22,"column":10}},"locations":[{"start":{"line":22,"column":-1},"end":{"line":22,"column":10}}]},"13":{"type":"branch","line":22,"loc":{"start":{"line":22,"column":34},"end":{"line":24,"column":7}},"locations":[{"start":{"line":22,"column":34},"end":{"line":24,"column":7}}]},"14":{"type":"branch","line":25,"loc":{"start":{"line":25,"column":-1},"end":{"line":25,"column":10}},"locations":[{"start":{"line":25,"column":-1},"end":{"line":25,"column":10}}]},"15":{"type":"branch","line":25,"loc":{"start":{"line":25,"column":35},"end":{"line":27,"column":7}},"locations":[{"start":{"line":25,"column":35},"end":{"line":27,"column":7}}]},"16":{"type":"branch","line":28,"loc":{"start":{"line":28,"column":-1},"end":{"line":29,"column":7}},"locations":[{"start":{"line":28,"column":-1},"end":{"line":29,"column":7}}]}},"b":{"0":[2],"1":[26],"2":[6],"3":[20],"4":[14],"5":[6],"6":[22],"7":[10],"8":[36],"9":[4],"10":[32],"11":[10],"12":[22],"13":[8],"14":[14],"15":[8],"16":[6]},"fnMap":{"0":{"name":"plain","decl":{"start":{"line":3,"column":15},"end":{"line":33,"column":2}},"loc":{"start":{"line":3,"column":15},"end":{"line":33,"column":2}},"line":3},"1":{"name":"getValidValue","decl":{"start":{"line":4,"column":25},"end":{"line":12,"column":4}},"loc":{"start":{"line":4,"column":25},"end":{"line":12,"column":4}},"line":4},"2":{"name":"getPath","decl":{"start":{"line":13,"column":18},"end":{"line":13,"column":34}},"loc":{"start":{"line":13,"column":18},"end":{"line":13,"column":34}},"line":13},"3":{"name":"iter","decl":{"start":{"line":14,"column":15},"end":{"line":31,"column":4}},"loc":{"start":{"line":14,"column":15},"end":{"line":31,"column":4}},"line":14}},"f":{"0":2,"1":26,"2":22,"3":10}}
,"/home/silanov/frontend-project-lvl2/src/formaters/stylish.js": {"path":"/home/silanov/frontend-project-lvl2/src/formaters/stylish.js","all":false,"statementMap":{"0":{"start":{"line":1,"column":0},"end":{"line":1,"column":23}},"1":{"start":{"line":2,"column":0},"end":{"line":2,"column":0}},"2":{"start":{"line":3,"column":0},"end":{"line":3,"column":43}},"3":{"start":{"line":4,"column":0},"end":{"line":4,"column":72}},"4":{"start":{"line":5,"column":0},"end":{"line":5,"column":83}},"5":{"start":{"line":6,"column":0},"end":{"line":6,"column":0}},"6":{"start":{"line":7,"column":0},"end":{"line":7,"column":33}},"7":{"start":{"line":8,"column":0},"end":{"line":8,"column":39}},"8":{"start":{"line":9,"column":0},"end":{"line":9,"column":50}},"9":{"start":{"line":10,"column":0},"end":{"line":10,"column":45}},"10":{"start":{"line":11,"column":0},"end":{"line":11,"column":38}},"11":{"start":{"line":12,"column":0},"end":{"line":12,"column":33}},"12":{"start":{"line":13,"column":0},"end":{"line":13,"column":7}},"13":{"start":{"line":14,"column":0},"end":{"line":14,"column":26}},"14":{"start":{"line":15,"column":0},"end":{"line":15,"column":30}},"15":{"start":{"line":16,"column":0},"end":{"line":16,"column":91}},"16":{"start":{"line":17,"column":0},"end":{"line":17,"column":71}},"17":{"start":{"line":18,"column":0},"end":{"line":18,"column":6}},"18":{"start":{"line":19,"column":0},"end":{"line":19,"column":0}},"19":{"start":{"line":20,"column":0},"end":{"line":20,"column":53}},"20":{"start":{"line":21,"column":0},"end":{"line":21,"column":34}},"21":{"start":{"line":22,"column":0},"end":{"line":22,"column":77}},"22":{"start":{"line":23,"column":0},"end":{"line":23,"column":7}},"23":{"start":{"line":24,"column":0},"end":{"line":24,"column":36}},"24":{"start":{"line":25,"column":0},"end":{"line":25,"column":77}},"25":{"start":{"line":26,"column":0},"end":{"line":26,"column":7}},"26":{"start":{"line":27,"column":0},"end":{"line":27,"column":35}},"27":{"start":{"line":28,"column":0},"end":{"line":28,"column":78}},"28":{"start":{"line":29,"column":0},"end":{"line":29,"column":7}},"29":{"start":{"line":30,"column":0},"end":{"line":30,"column":38}},"30":{"start":{"line":31,"column":0},"end":{"line":31,"column":77}},"31":{"start":{"line":32,"column":0},"end":{"line":32,"column":7}},"32":{"start":{"line":33,"column":0},"end":{"line":33,"column":147}},"33":{"start":{"line":34,"column":0},"end":{"line":34,"column":7}},"34":{"start":{"line":35,"column":0},"end":{"line":35,"column":74}},"35":{"start":{"line":36,"column":0},"end":{"line":36,"column":4}},"36":{"start":{"line":37,"column":0},"end":{"line":37,"column":23}},"37":{"start":{"line":38,"column":0},"end":{"line":38,"column":2}},"38":{"start":{"line":39,"column":0},"end":{"line":39,"column":0}},"39":{"start":{"line":40,"column":0},"end":{"line":40,"column":23}}},"s":{"0":1,"1":1,"2":1,"3":2,"4":2,"5":2,"6":2,"7":10,"8":10,"9":10,"10":54,"11":40,"12":40,"13":14,"14":14,"15":14,"16":14,"17":14,"18":10,"19":10,"20":36,"21":10,"22":10,"23":36,"24":4,"25":4,"26":36,"27":8,"28":8,"29":36,"30":6,"31":6,"32":8,"33":8,"34":10,"35":10,"36":2,"37":2,"38":1,"39":1},"branchMap":{"0":{"type":"branch","line":3,"loc":{"start":{"line":3,"column":16},"end":{"line":38,"column":2}},"locations":[{"start":{"line":3,"column":16},"end":{"line":38,"column":2}}]},"1":{"type":"branch","line":4,"loc":{"start":{"line":4,"column":21},"end":{"line":4,"column":45}},"locations":[{"start":{"line":4,"column":21},"end":{"line":4,"column":45}}]},"2":{"type":"branch","line":5,"loc":{"start":{"line":5,"column":28},"end":{"line":5,"column":52}},"locations":[{"start":{"line":5,"column":28},"end":{"line":5,"column":52}}]},"3":{"type":"branch","line":7,"loc":{"start":{"line":7,"column":15},"end":{"line":36,"column":4}},"locations":[{"start":{"line":7,"column":15},"end":{"line":36,"column":4}}]},"4":{"type":"branch","line":10,"loc":{"start":{"line":10,"column":19},"end":{"line":18,"column":6}},"locations":[{"start":{"line":10,"column":19},"end":{"line":18,"column":6}}]},"5":{"type":"branch","line":11,"loc":{"start":{"line":11,"column":37},"end":{"line":13,"column":7}},"locations":[{"start":{"line":11,"column":37},"end":{"line":13,"column":7}}]},"6":{"type":"branch","line":14,"loc":{"start":{"line":14,"column":-1},"end":{"line":18,"column":6}},"locations":[{"start":{"line":14,"column":-1},"end":{"line":18,"column":6}}]},"7":{"type":"branch","line":16,"loc":{"start":{"line":16,"column":13},"end":{"line":16,"column":91}},"locations":[{"start":{"line":16,"column":13},"end":{"line":16,"column":91}}]},"8":{"type":"branch","line":20,"loc":{"start":{"line":20,"column":43},"end":{"line":34,"column":7}},"locations":[{"start":{"line":20,"column":43},"end":{"line":34,"column":7}}]},"9":{"type":"branch","line":21,"loc":{"start":{"line":21,"column":33},"end":{"line":23,"column":7}},"locations":[{"start":{"line":21,"column":33},"end":{"line":23,"column":7}}]},"10":{"type":"branch","line":24,"loc":{"start":{"line":24,"column":-1},"end":{"line":24,"column":10}},"locations":[{"start":{"line":24,"column":-1},"end":{"line":24,"column":10}}]},"11":{"type":"branch","line":24,"loc":{"start":{"line":24,"column":35},"end":{"line":26,"column":7}},"locations":[{"start":{"line":24,"column":35},"end":{"line":26,"column":7}}]},"12":{"type":"branch","line":27,"loc":{"start":{"line":27,"column":-1},"end":{"line":27,"column":10}},"locations":[{"start":{"line":27,"column":-1},"end":{"line":27,"column":10}}]},"13":{"type":"branch","line":27,"loc":{"start":{"line":27,"column":34},"end":{"line":29,"column":7}},"locations":[{"start":{"line":27,"column":34},"end":{"line":29,"column":7}}]},"14":{"type":"branch","line":30,"loc":{"start":{"line":30,"column":-1},"end":{"line":30,"column":10}},"locations":[{"start":{"line":30,"column":-1},"end":{"line":30,"column":10}}]},"15":{"type":"branch","line":30,"loc":{"start":{"line":30,"column":37},"end":{"line":32,"column":7}},"locations":[{"start":{"line":30,"column":37},"end":{"line":32,"column":7}}]},"16":{"type":"branch","line":33,"loc":{"start":{"line":33,"column":-1},"end":{"line":34,"column":7}},"locations":[{"start":{"line":33,"column":-1},"end":{"line":34,"column":7}}]}},"b":{"0":[2],"1":[28],"2":[24],"3":[10],"4":[54],"5":[40],"6":[14],"7":[18],"8":[36],"9":[10],"10":[26],"11":[4],"12":[22],"13":[8],"14":[14],"15":[6],"16":[8]},"fnMap":{"0":{"name":"stylish","decl":{"start":{"line":3,"column":16},"end":{"line":38,"column":2}},"loc":{"start":{"line":3,"column":16},"end":{"line":38,"column":2}},"line":3},"1":{"name":"getIndent","decl":{"start":{"line":4,"column":21},"end":{"line":4,"column":45}},"loc":{"start":{"line":4,"column":21},"end":{"line":4,"column":45}},"line":4},"2":{"name":"getBracketIndent","decl":{"start":{"line":5,"column":28},"end":{"line":5,"column":52}},"loc":{"start":{"line":5,"column":28},"end":{"line":5,"column":52}},"line":5},"3":{"name":"iter","decl":{"start":{"line":7,"column":15},"end":{"line":36,"column":4}},"loc":{"start":{"line":7,"column":15},"end":{"line":36,"column":4}},"line":7},"4":{"name":"values","decl":{"start":{"line":10,"column":19},"end":{"line":18,"column":6}},"loc":{"start":{"line":10,"column":19},"end":{"line":18,"column":6}},"line":10}},"f":{"0":2,"1":28,"2":24,"3":10,"4":54}}
}
