TN:
SF:src/index.js
FN:7,getFileData
FN:13,calculateDiff
FN:38,genDiff
FNF:3
FNH:3
FNDA:12,getFileData
FNDA:30,calculateDiff
FNDA:6,genDiff
DA:1,1
DA:2,1
DA:3,1
DA:4,1
DA:5,1
DA:6,1
DA:7,1
DA:8,12
DA:9,12
DA:10,12
DA:11,12
DA:12,1
DA:13,1
DA:14,30
DA:15,30
DA:16,108
DA:17,12
DA:18,12
DA:19,108
DA:20,30
DA:21,30
DA:22,108
DA:23,24
DA:24,24
DA:25,108
DA:26,24
DA:27,24
DA:28,24
DA:29,24
DA:30,24
DA:31,24
DA:32,24
DA:33,18
DA:34,18
DA:35,30
DA:36,30
DA:37,1
DA:38,1
DA:39,6
DA:40,6
DA:41,6
DA:42,6
DA:43,6
DA:44,1
DA:45,1
LF:45
LH:45
BRDA:7,0,0,12
BRDA:13,1,0,30
BRDA:15,2,0,108
BRDA:16,3,0,12
BRDA:19,4,0,96
BRDA:19,5,0,30
BRDA:22,6,0,66
BRDA:22,7,0,30
BRDA:22,8,0,24
BRDA:25,9,0,42
BRDA:25,10,0,24
BRDA:33,11,0,18
BRDA:38,12,0,6
BRF:13
BRH:13
end_of_record
TN:
SF:src/parsers.js
FN:3,parse
FNF:1
FNH:1
FNDA:12,parse
DA:1,1
DA:2,1
DA:3,1
DA:4,12
DA:5,12
DA:6,12
DA:7,12
DA:8,12
DA:9,12
DA:10,12
DA:11,12
DA:12,12
DA:13,12
DA:14,12
DA:15,1
DA:16,1
LF:16
LH:16
BRDA:3,0,0,12
BRDA:5,1,0,4
BRDA:7,2,0,4
BRDA:9,3,0,4
BRDA:11,4,0,0
BRF:5
BRH:4
end_of_record
TN:
SF:src/selectFormat.js
FN:3,selectFormat
FNF:1
FNH:1
FNDA:6,selectFormat
DA:1,1
DA:2,1
DA:3,1
DA:4,6
DA:5,6
DA:6,6
DA:7,6
DA:8,6
DA:9,6
DA:10,6
DA:11,1
DA:12,1
LF:12
LH:12
BRDA:3,0,0,6
BRDA:7,1,0,0
BRF:2
BRH:1
end_of_record
TN:
SF:src/formaters/stylish.js
FN:3,stylish
FN:4,getIndent
FN:5,getBracketIndent
FN:7,iter
FN:10,values
FNF:5
FNH:5
FNDA:6,stylish
FNDA:84,getIndent
FNDA:72,getBracketIndent
FNDA:30,iter
FNDA:162,values
DA:1,1
DA:2,1
DA:3,1
DA:4,6
DA:5,6
DA:6,6
DA:7,6
DA:8,30
DA:9,30
DA:10,30
DA:11,162
DA:12,120
DA:13,120
DA:14,42
DA:15,42
DA:16,42
DA:17,42
DA:18,42
DA:19,30
DA:20,30
DA:21,108
DA:22,30
DA:23,30
DA:24,108
DA:25,12
DA:26,12
DA:27,108
DA:28,24
DA:29,24
DA:30,108
DA:31,18
DA:32,18
DA:33,24
DA:34,24
DA:35,30
DA:36,30
DA:37,6
DA:38,6
DA:39,1
DA:40,1
LF:40
LH:40
BRDA:3,0,0,6
BRDA:4,1,0,84
BRDA:5,2,0,72
BRDA:7,3,0,30
BRDA:10,4,0,162
BRDA:11,5,0,120
BRDA:14,6,0,42
BRDA:16,7,0,54
BRDA:20,8,0,108
BRDA:21,9,0,30
BRDA:24,10,0,78
BRDA:24,11,0,12
BRDA:27,12,0,66
BRDA:27,13,0,24
BRDA:30,14,0,42
BRDA:30,15,0,18
BRDA:33,16,0,24
BRF:17
BRH:17
end_of_record
