TN:
SF:src/index.js
FN:7,getFileData
FN:13,calculateDiff
FN:38,genDiff
FNF:3
FNH:3
FNDA:12,getFileData
FNDA:30,calculateDiff
FNDA:6,genDiff
DA:1,1
DA:2,1
DA:3,1
DA:4,1
DA:5,1
DA:6,1
DA:7,1
DA:8,12
DA:9,12
DA:10,12
DA:11,12
DA:12,1
DA:13,1
DA:14,30
DA:15,30
DA:16,108
DA:17,12
DA:18,12
DA:19,108
DA:20,30
DA:21,30
DA:22,108
DA:23,24
DA:24,24
DA:25,108
DA:26,24
DA:27,24
DA:28,24
DA:29,24
DA:30,24
DA:31,24
DA:32,24
DA:33,18
DA:34,18
DA:35,30
DA:36,30
DA:37,1
DA:38,1
DA:39,6
DA:40,6
DA:41,6
DA:42,6
DA:43,6
DA:44,1
DA:45,1
LF:45
LH:45
BRDA:7,0,0,12
BRDA:13,1,0,30
BRDA:15,2,0,108
BRDA:16,3,0,12
BRDA:19,4,0,96
BRDA:19,5,0,30
BRDA:22,6,0,66
BRDA:22,7,0,30
BRDA:22,8,0,24
BRDA:25,9,0,42
BRDA:25,10,0,24
BRDA:33,11,0,18
BRDA:38,12,0,6
BRF:13
BRH:13
end_of_record
TN:
SF:src/parsers.js
FN:3,parse
FNF:1
FNH:1
FNDA:12,parse
DA:1,1
DA:2,1
DA:3,1
DA:4,12
DA:5,12
DA:6,12
DA:7,12
DA:8,12
DA:9,12
DA:10,12
DA:11,12
DA:12,12
DA:13,12
DA:14,12
DA:15,1
DA:16,1
LF:16
LH:16
BRDA:3,0,0,12
BRDA:5,1,0,4
BRDA:7,2,0,4
BRDA:9,3,0,4
BRDA:11,4,0,0
BRF:5
BRH:4
end_of_record
TN:
SF:src/formaters/index.js
FN:4,selectFormat
FNF:1
FNH:1
FNDA:6,selectFormat
DA:1,1
DA:2,1
DA:3,1
DA:4,1
DA:5,6
DA:6,6
DA:7,6
DA:8,6
DA:9,6
DA:10,6
DA:11,6
DA:12,6
DA:13,6
DA:14,1
DA:15,1
LF:15
LH:15
BRDA:4,0,0,6
BRDA:6,1,0,3
BRDA:8,2,0,3
BRDA:10,3,0,0
BRF:4
BRH:3
end_of_record
TN:
SF:src/formaters/plain.js
FN:3,plain
FN:4,getValidValue
FN:13,getPath
FN:14,iter
FNF:4
FNH:4
FNDA:3,plain
FNDA:39,getValidValue
FNDA:33,getPath
FNDA:15,iter
DA:1,1
DA:2,1
DA:3,1
DA:4,3
DA:5,39
DA:6,9
DA:7,9
DA:8,39
DA:9,21
DA:10,21
DA:11,9
DA:12,9
DA:13,3
DA:14,3
DA:15,15
DA:16,54
DA:17,6
DA:18,6
DA:19,54
DA:20,15
DA:21,15
DA:22,54
DA:23,12
DA:24,12
DA:25,54
DA:26,12
DA:27,12
DA:28,9
DA:29,9
DA:30,15
DA:31,15
DA:32,3
DA:33,3
DA:34,1
DA:35,1
LF:35
LH:35
BRDA:3,0,0,3
BRDA:4,1,0,39
BRDA:5,2,0,9
BRDA:8,3,0,30
BRDA:8,4,0,21
BRDA:11,5,0,9
BRDA:13,6,0,33
BRDA:14,7,0,15
BRDA:15,8,0,54
BRDA:16,9,0,6
BRDA:19,10,0,48
BRDA:19,11,0,15
BRDA:22,12,0,33
BRDA:22,13,0,12
BRDA:25,14,0,21
BRDA:25,15,0,12
BRDA:28,16,0,9
BRF:17
BRH:17
end_of_record
TN:
SF:src/formaters/stylish.js
FN:3,stylish
FN:4,getIndent
FN:5,getBracketIndent
FN:7,iter
FN:10,values
FNF:5
FNH:5
FNDA:3,stylish
FNDA:42,getIndent
FNDA:36,getBracketIndent
FNDA:15,iter
FNDA:81,values
DA:1,1
DA:2,1
DA:3,1
DA:4,3
DA:5,3
DA:6,3
DA:7,3
DA:8,15
DA:9,15
DA:10,15
DA:11,81
DA:12,60
DA:13,60
DA:14,21
DA:15,21
DA:16,21
DA:17,21
DA:18,21
DA:19,15
DA:20,15
DA:21,54
DA:22,15
DA:23,15
DA:24,54
DA:25,6
DA:26,6
DA:27,54
DA:28,12
DA:29,12
DA:30,54
DA:31,9
DA:32,9
DA:33,12
DA:34,12
DA:35,15
DA:36,15
DA:37,3
DA:38,3
DA:39,1
DA:40,1
LF:40
LH:40
BRDA:3,0,0,3
BRDA:4,1,0,42
BRDA:5,2,0,36
BRDA:7,3,0,15
BRDA:10,4,0,81
BRDA:11,5,0,60
BRDA:14,6,0,21
BRDA:16,7,0,27
BRDA:20,8,0,54
BRDA:21,9,0,15
BRDA:24,10,0,39
BRDA:24,11,0,6
BRDA:27,12,0,33
BRDA:27,13,0,12
BRDA:30,14,0,21
BRDA:30,15,0,9
BRDA:33,16,0,12
BRF:17
BRH:17
end_of_record
